0 info it worked if it ends with ok
1 verbose cli [ 'C:\\Program Files\\nodejs\\node.exe',
1 verbose cli   'C:\\Users\\Administrator\\AppData\\Roaming\\npm\\node_modules\\npm\\bin\\npm-cli.js',
1 verbose cli   'run',
1 verbose cli   'build' ]
2 info using npm@3.8.6
3 info using node@v5.10.1
4 verbose run-script [ 'prebuild', 'build', 'postbuild' ]
5 info lifecycle vue_webpack@1.0.0~prebuild: vue_webpack@1.0.0
6 silly lifecycle vue_webpack@1.0.0~prebuild: no script for prebuild, continuing
7 info lifecycle vue_webpack@1.0.0~build: vue_webpack@1.0.0
8 verbose lifecycle vue_webpack@1.0.0~build: unsafe-perm in lifecycle true
9 verbose lifecycle vue_webpack@1.0.0~build: PATH: C:\Users\Administrator\AppData\Roaming\npm\node_modules\npm\bin\node-gyp-bin;D:\my_project\vue_webpack\node_modules\.bin;C:\Program Files\nodejs;C:\Users\Administrator\bin;D:\Git\mingw64\bin;D:\Git\usr\local\bin;D:\Git\usr\bin;D:\Git\usr\bin;D:\Git\mingw64\bin;D:\Git\usr\bin;C:\Windows\system32;C:\Windows;C:\Windows\System32\Wbem;C:\Windows\System32\WindowsPowerShell\v1.0;D:\Vagrant\bin;D:\TortoiseGit\bin;C:\Program Files\nodejs;C:\Users\Administrator\AppData\Roaming\npm;D:\Git\usr\bin\vendor_perl;D:\Git\usr\bin\core_perl
10 verbose lifecycle vue_webpack@1.0.0~build: CWD: D:\my_project\vue_webpack
11 silly lifecycle vue_webpack@1.0.0~build: Args: [ '/d /s /c', 'webpack-dev-server --inline --hot' ]
12 silly lifecycle vue_webpack@1.0.0~build: Returned: code: 1  signal: null
13 info lifecycle vue_webpack@1.0.0~build: Failed to exec build script
14 verbose stack Error: vue_webpack@1.0.0 build: `webpack-dev-server --inline --hot`
14 verbose stack Exit status 1
14 verbose stack     at EventEmitter.<anonymous> (C:\Users\Administrator\AppData\Roaming\npm\node_modules\npm\lib\utils\lifecycle.js:239:16)
14 verbose stack     at emitTwo (events.js:100:13)
14 verbose stack     at EventEmitter.emit (events.js:185:7)
14 verbose stack     at ChildProcess.<anonymous> (C:\Users\Administrator\AppData\Roaming\npm\node_modules\npm\lib\utils\spawn.js:24:14)
14 verbose stack     at emitTwo (events.js:100:13)
14 verbose stack     at ChildProcess.emit (events.js:185:7)
14 verbose stack     at maybeClose (internal/child_process.js:850:16)
14 verbose stack     at Process.ChildProcess._handle.onexit (internal/child_process.js:215:5)
15 verbose pkgid vue_webpack@1.0.0
16 verbose cwd D:\my_project\vue_webpack
17 error Windows_NT 6.1.7601
18 error argv "C:\\Program Files\\nodejs\\node.exe" "C:\\Users\\Administrator\\AppData\\Roaming\\npm\\node_modules\\npm\\bin\\npm-cli.js" "run" "build"
19 error node v5.10.1
20 error npm  v3.8.6
21 error code ELIFECYCLE
22 error vue_webpack@1.0.0 build: `webpack-dev-server --inline --hot`
22 error Exit status 1
23 error Failed at the vue_webpack@1.0.0 build script 'webpack-dev-server --inline --hot'.
23 error Make sure you have the latest version of node.js and npm installed.
23 error If you do, this is most likely a problem with the vue_webpack package,
23 error not with npm itself.
23 error Tell the author that this fails on your system:
23 error     webpack-dev-server --inline --hot
23 error You can get information on how to open an issue for this project with:
23 error     npm bugs vue_webpack
23 error Or if that isn't available, you can get their info via:
23 error     npm owner ls vue_webpack
23 error There is likely additional logging output above.
24 verbose exit [ 1, true ]
